<?xml version="1.0" encoding="UTF-8"?>
<!-- Generated by org.testng.reporters.JUnitReportReporter -->
<testsuite hostname="DESKTOP-06H1UQN" failures="0" tests="1" name="com.mycompany.tests.L03B_LoginTest" time="28.313" errors="0" timestamp="01 Jan 2020 03:41:03 GMT" skipped="0">
  <testcase classname="com.mycompany.tests.L03B_LoginTest" name="loginTest" time="28.313"/>
</testsuite> <!-- com.mycompany.tests.L03B_LoginTest -->
