<?xml version="1.0" encoding="UTF-8"?>
<!-- Generated by org.testng.reporters.JUnitReportReporter -->
<testsuite hostname="DESKTOP-06H1UQN" failures="0" tests="1" name="com.mycompany.tests.L03B_LoginTest" time="29.575" errors="0" timestamp="01 Jan 2020 04:05:41 GMT" skipped="0">
  <testcase classname="com.mycompany.tests.L03B_LoginTest" name="loginTest" time="29.575"/>
</testsuite> <!-- com.mycompany.tests.L03B_LoginTest -->
